Start testing: Mar 11 12:53 UTC
----------------------------------------------------------
1/1 Testing: fd_wrapper_tests
1/1 Test: fd_wrapper_tests
Command: "/home/mohammed/systems-engineering/projects/fd_wrapper/build/fd_wrapper_tests"
Directory: /home/mohammed/systems-engineering/projects/fd_wrapper/build
"fd_wrapper_tests" start time: Mar 11 12:53 UTC
Output:
----------------------------------------------------------
<end of output>
Test time =   0.00 sec
----------------------------------------------------------
Test Passed.
"fd_wrapper_tests" end time: Mar 11 12:53 UTC
"fd_wrapper_tests" time elapsed: 00:00:00
----------------------------------------------------------

End testing: Mar 11 12:53 UTC
